mkdir Assignment3


Task 1: 

Commands used to solve: 

1.wc -l last.fake

2. grep 'f23' last.fake >> lastf23.fake


3. wc -l lastf23.fake


Task 2: 

echo "The list of people who worked on Sunday are: " 

grep "Sun" lastf23.fake | awk -F ' ' '{print $1}' | uniq 

echo "Kudos to these people for putting in the work" 

Task 3:

echo "Night Owls List:

awk '((($7 >= "23:00" && $7 <= "23:59") || ($7>="00:00" && $7 <= "04:00")) && (($9 >= "23:00" && $9 <= "23:59") || ($9 >= "00:00" && $9 "04:00"))) {print $1}' lastf23.fake | sort | uniq

echo "Night Owls are dope. Please ensure you get enough sleep though."


Task4:

echo "Early Birds List: "

awk '(($7 >= "05:00" && $7 <= "08:59") && ($9 >= "05:00" && $9 <= "08:59")) {print $1}' lastf23.fake | sort | uniq


Task 5: 

awk '$1 ~ /^t.*f23$/ { print $1 }' "$1" lastf23.fake | sort | uniq



Task 6:

awk 'BEGIN { FS = ":" } ($1 ~ /^a.*$/) && ($3 % 2 == 0) { print $1 }' passwd.fake

Task 7:

sed 's/[a-zA-Z0-9 ]//g' "$1" passwd.fake | sort -u
