    1  git commit -m "Fixing worksheet3"
    2   grep -E "Education" "Global YouTube Statistics.csv" | sort -t "," -k3 -n                                                                                         -r > edu.txt
    3  grep -E "Sports" "Global YouTube Statistics.csv" | sort -t "," -k3 -n -r > Sports.txt
    4  grep -E "Entertainment" "Global YouTube Statistics.csv" | sort -t "," -k3 -n -r > Entertainment.txt
    5  vi Entertainment.txt 
    6  head -n 1 Entertainment.txt 
    7  head -n 1 Entertainment.txt > Task2.txt
    8  tail -1 n Sports.txt
    9  tail -n 1 Sports.txt
   10  head -n 1 Sports.txt 
   11  head -n 1 Sports.txt >> Task2.txt 
   12  head -n 1 edu.txt
   13* 
   14  cat Task2.txt 
   15  vi Task2.txt 
   16  grep -E "United States" "Global YouTube Statistics.csv" | sort -t "," -k16 -n -r > US.txt
   17  grep -E "United Kingdom" "Global YouTube Statistics.csv" | sort -t "," -k16 -n -r > UK.txt
   18  grep -E "India" "Global YouTube Statistics.csv" | sort -t "," -k16 -n -r > India.txt
   19  head -n 1 US.txt 
   20  head -n 1 UK.txt 
   21  head -n 1 India.txt 
   22  head -n 1 India.txt > Task1.txt
   23  head -n 1 UK.txt >> Task1.txt
   24  head -n 1 US.txt >> Task1.txt
   25  vi Task1.txt 
   26  git add Task1.txt
   27  git add Task2.txt 
   28  git status
   29  history > cmds.log
   30  git add cmds.log
   31  git status
   32  cd ..
   33  git commit -m "Finishing up worksheet

   34  git commit -m "Finishing up worksheet"
   35  git push -u master
   36  git push -u main
   37  git push -u cs131
   38  git push -u master
   39  git status
   40  git add worksheet3/
   41  git status
   42  git add Worksheet2
   43  git add Worksheet2/
   44  git status
   45  git push -u master
   46  git branch
   47  git remote -v 
   48  git commit -m "Sending Worksheet3" 
   49  git push -u master
   50  git status
   51  git branch
   52  git merge master
   53  ls -al
   54  git status
   55  git commit -m "added worksheet 3"
   56  git status
   57  git  add .
   58  git status
   59  ls -al
   60  git add Worksheet2
   61  git status
   62  cd ./Worksheet2
   63  git add .
   64  git status
   65  cd ..
   66  git status
   67  cd worksheet3/
   68  git status
   69  git push orign main
   70  git push main origin
   71  git remote -v
   72  cd ..
   73  git push main origin
   74  git remote -v
   75  git push origin main
   76  git pull origin main
   77  git pull origin main --allow-unrelated-histories
   78  vi index.html
   79  ls
   80  git pull -ff-only origin main
   81  git pull --ff-only origin main
   82  git pull --ff-only --allow-unrelated-histories origin main
   83* git remote set https://github.com/Aaron13
   84  git remote set -url origin https://github.com/Aaron1376/cs131.git
   85  git remote set-url origin https://github.com/Aaron1376/cs131.git
   86  git status
   87  git add .
   88  git status
   89  cd Worksheet
   90  cd Worksheet2
   91  add .
   92  cd ..
   93  git push origin main
   94  cd Worksheet2
   95  add .
   96  ls
   97  add cmds.log 
   98  add counts.txt 
   99  git add .
  100  git status
  101  cd ..
  102  cd worksheet3/
  103  git add Task1
  104  git add Task1.txt 
  105  git add Task2.txt 
  106  git add cmds.log 
  107  git status
  108  cd ..
  109  git push origin main
  110  git status
  111  git branch
  112  git status
  113  cd worksheet3/
  114  git push origin main
  115  cd ..
  116  git add .
  117  git statu
  118  git status
  119  ls -al
  120  git add . 
  121  git status
  122  cp ./worksheet3/README.txt ./Worksheet3
  123  cp worksheet3/README.txt ./Worksheet3
  124  cd .. 
  125  ls -al
  126  rm Global\ YouTube\ Statistics.csv.1
  127  ls -al
  128  rm Global\ YouTube\ Statistics.csv.2
  129  do mv cs131 cs131_backup
  130  mv cs131 cs131_backup
  131  ls -al
  132  mkdir cs131
  133  cd cs131
  134  pwd
  135  ls -al
  136  echo "# cs131" >> README.md
  137  git init
  138  git add README.md
  139  git commit -m "first commit"
  140  git branch -M main
  141  git remote add origin git@github.com:Aaron1376/cs131.git
  142  git push -u origin main
  143  ls -al
  144  cp ~/cs131_backup/Worksheet1 .
  145  ls -al
  146  cp -r ~/cs131_backup/Worksheet1 .
  147  ls -al
  148  git add .
  149  git commit -m "backed up worksheet1"
  150  git push origin main
  151  ls
  152  git status
  153  cd Worksheet1/
  154  history > cmds.log
